<?xml version="1.0" encoding="UTF-8"?>
<!-- Generated by org.testng.reporters.JUnitReportReporter -->
<testsuite skipped="0" hostname="HDC3-L-BLC1NW2" name="Acad.E2E.base" tests="1" failures="0" timestamp="2020-09-06T11:41:49 IST" time="11.697" errors="0">
  <testcase name="text" time="11.697" classname="Acad.E2E.base"/>
  <system-out/>
</testsuite> <!-- Acad.E2E.base -->
