<?xml version="1.0" encoding="UTF-8"?>
<!-- Generated by org.testng.reporters.JUnitReportReporter -->
<testsuite skipped="0" hostname="HDC3-L-BLC1NW2" name="Acad.E2E.base" tests="1" failures="0" timestamp="2020-08-24T15:22:07 IST" time="9.532" errors="0">
  <testcase name="text" time="9.532" classname="Acad.E2E.base"/>
  <system-out/>
</testsuite> <!-- Acad.E2E.base -->
