<?xml version="1.0" encoding="UTF-8"?>
<!-- Generated by org.testng.reporters.JUnitReportReporter -->
<testsuite skipped="0" hostname="HDC3-L-BLC1NW2" name="Acad.E2E.TestCase2" tests="2" failures="0" timestamp="2020-08-24T15:22:07 IST" time="39.585" errors="0">
  <testcase name="s" time="18.463" classname="Acad.E2E.TestCase2"/>
  <system-out/>
  <testcase name="s" time="21.122" classname="Acad.E2E.TestCase2"/>
  <system-out/>
</testsuite> <!-- Acad.E2E.TestCase2 -->
