<?xml version="1.0" encoding="UTF-8"?>
<!-- Generated by org.testng.reporters.JUnitReportReporter -->
<testsuite skipped="0" hostname="HDC3-L-BLC1NW2" name="CucumberOptions.TestRunner" tests="1" failures="0" timestamp="2020-09-06T12:01:56 IST" time="0.022" errors="0">
  <testcase name="feature" time="0.022" classname="CucumberOptions.TestRunner"/>
  <system-out/>
</testsuite> <!-- CucumberOptions.TestRunner -->
